2025-01-18 15:52:55,077 - WARNING - netfilterqueue not installed. Some network filtering features will be disabled.
2025-01-18 15:52:55,077 - WARNING - fail2ban not installed. Some brute force protection features will be disabled.
2025-01-18 15:52:55,078 - WARNING - pyinotify not installed. File system monitoring will be disabled.
2025-01-18 15:52:55,078 - ERROR - Missing dependencies: netfilterqueue, fail2ban, pyinotify
2025-01-18 15:52:55,079 - ERROR - Please install these dependencies to enable full security features.
2025-01-18 15:52:55,079 - WARNING - Cannot monitor file system: pyinotify not installed
2025-01-18 15:52:55,083 - INFO - DDoS protection started
2025-01-18 15:52:55,083 - INFO - Advanced Security System Initialized
2025-01-18 15:55:46,444 - WARNING - fail2ban not installed. Some brute force protection features will be disabled.
2025-01-18 15:55:46,445 - WARNING - pyinotify not installed. File system monitoring will be disabled.
2025-01-18 15:55:46,446 - ERROR - Missing dependencies: fail2ban, pyinotify
2025-01-18 15:55:46,447 - ERROR - Please install these dependencies to enable full security features.
2025-01-18 15:55:46,448 - WARNING - Cannot monitor file system: pyinotify not installed
2025-01-18 15:55:46,451 - INFO - DDoS protection started
2025-01-18 15:55:46,452 - INFO - Advanced Security System Initialized
2025-01-18 15:58:38,153 - WARNING - fail2ban not installed. Some brute force protection features will be disabled.
2025-01-18 15:58:38,154 - WARNING - pyinotify not installed. File system monitoring will be disabled.
2025-01-18 15:58:38,155 - ERROR - Missing dependencies: fail2ban, pyinotify
2025-01-18 15:58:38,155 - ERROR - Please install these dependencies to enable full security features.
2025-01-18 15:58:38,156 - WARNING - Cannot monitor file system: pyinotify not installed
2025-01-18 15:58:38,157 - INFO - DDoS protection started
2025-01-18 15:58:38,158 - INFO - Advanced Security System Initialized
2025-01-18 17:11:34,571 - WARNING - pyinotify not installed. File system monitoring will be disabled.
2025-01-18 17:11:34,589 - WARNING - fail2ban not installed. Brute force protection features will be disabled.
2025-01-18 17:11:34,589 - ERROR - Missing dependencies: pyinotify, fail2ban
2025-01-18 17:11:34,590 - ERROR - Please install these dependencies to enable full security features.
2025-01-18 17:11:34,606 - WARNING - Cannot monitor file system: pyinotify not installed
2025-01-18 17:11:34,608 - INFO - DDoS protection started
2025-01-18 17:11:34,608 - INFO - Advanced Security System Initialized
2025-01-18 17:13:05,335 - WARNING - pyinotify not installed. File system monitoring will be disabled.
2025-01-18 17:13:05,335 - WARNING - fail2ban not installed. Brute force protection features will be disabled.
2025-01-18 17:13:05,336 - ERROR - Missing dependencies: pyinotify, fail2ban
2025-01-18 17:13:05,336 - ERROR - Please install these dependencies to enable full security features.
2025-01-18 17:13:05,337 - WARNING - Cannot monitor file system: pyinotify not installed
2025-01-18 17:13:05,338 - INFO - DDoS protection started
2025-01-18 17:13:05,339 - INFO - Advanced Security System Initialized
2025-01-18 17:35:39,053 - WARNING - pyinotify not installed. File system monitoring will be disabled.
2025-01-18 17:35:39,060 - WARNING - fail2ban not installed. Brute force protection features will be disabled.
2025-01-18 17:35:39,060 - ERROR - Missing dependencies: pyinotify, fail2ban
2025-01-18 17:35:39,060 - ERROR - Please install these dependencies to enable full security features.
2025-01-18 17:35:39,078 - WARNING - Cannot monitor file system: pyinotify not installed
2025-01-18 17:35:39,081 - INFO - DDoS protection started
2025-01-18 17:35:39,082 - INFO - Advanced Security System Initialized
2025-01-18 18:26:42,828 - WARNING - pyinotify not installed. File system monitoring will be disabled.
2025-01-18 18:26:42,829 - WARNING - fail2ban not installed. Brute force protection features will be disabled.
2025-01-18 18:26:42,829 - ERROR - Missing dependencies: pyinotify, fail2ban
2025-01-18 18:26:42,830 - ERROR - Please install these dependencies to enable full security features.
2025-01-18 18:26:42,832 - WARNING - Cannot monitor file system: pyinotify not installed
2025-01-18 18:26:42,834 - INFO - DDoS protection started
2025-01-18 18:26:42,838 - INFO - Advanced Security System Initialized
2025-01-19 09:43:12,107 - WARNING - pyinotify not installed. File system monitoring will be disabled.
2025-01-19 09:43:12,128 - WARNING - fail2ban not installed. Brute force protection features will be disabled.
2025-01-19 09:43:12,129 - ERROR - Missing dependencies: pyinotify, fail2ban
2025-01-19 09:43:12,129 - ERROR - Please install these dependencies to enable full security features.
2025-01-19 09:43:12,154 - WARNING - Cannot monitor file system: pyinotify not installed
2025-01-19 09:43:12,155 - INFO - DDoS protection started
2025-01-19 09:43:12,156 - INFO - Advanced Security System Initialized
2025-01-19 10:34:31,508 - WARNING - pyinotify not installed. File system monitoring will be disabled.
2025-01-19 10:34:31,529 - WARNING - fail2ban not installed. Brute force protection features will be disabled.
2025-01-19 10:34:31,530 - ERROR - Missing dependencies: pyinotify, fail2ban
2025-01-19 10:34:31,530 - ERROR - Please install these dependencies to enable full security features.
2025-01-19 10:34:31,555 - WARNING - Cannot monitor file system: pyinotify not installed
2025-01-19 10:34:31,557 - INFO - DDoS protection started
2025-01-19 10:34:31,557 - INFO - Advanced Security System Initialized
